2023-06-22T04:56:33.555Z  info: LOG ma'lumotlar
2023-06-22T04:56:33.556Z  error: ERROR ma'lumotlar
2023-06-22T04:56:33.556Z  warn: WARN ma'lumotlar
2023-06-22T04:56:33.556Z  info: INFO ma'lumotlar
2023-06-22T05:07:12.300Z  info: LOG ma'lumotlar
2023-06-22T05:07:12.302Z  error: ERROR ma'lumotlar
2023-06-22T05:07:12.302Z  warn: WARN ma'lumotlar
2023-06-22T05:07:12.302Z  info: INFO ma'lumotlar
2023-06-22T05:07:31.794Z  info: LOG ma'lumotlar
2023-06-22T05:07:31.795Z  error: ERROR ma'lumotlar
2023-06-22T05:07:31.795Z  warn: WARN ma'lumotlar
2023-06-22T05:07:31.795Z  info: INFO ma'lumotlar
2023-06-22T05:08:17.625Z  info: LOG ma'lumotlar
2023-06-22T05:08:17.627Z  error: ERROR ma'lumotlar
2023-06-22T05:08:17.627Z  warn: WARN ma'lumotlar
2023-06-22T05:08:17.627Z  info: INFO ma'lumotlar
2023-06-22T05:08:43.418Z  info: LOG ma'lumotlar
2023-06-22T05:08:43.420Z  error: ERROR ma'lumotlar
2023-06-22T05:08:43.420Z  warn: WARN ma'lumotlar
2023-06-22T05:08:43.420Z  info: INFO ma'lumotlar
2023-06-22T05:10:22.588Z  info: LOG ma'lumotlar
2023-06-22T05:10:22.589Z  error: ERROR ma'lumotlar
2023-06-22T05:10:22.590Z  warn: WARN ma'lumotlar
2023-06-22T05:10:22.590Z  info: INFO ma'lumotlar
2023-06-22T05:11:29.340Z  info: LOG ma'lumotlar
2023-06-22T05:11:29.341Z  error: ERROR ma'lumotlar
2023-06-22T05:11:29.341Z  warn: WARN ma'lumotlar
2023-06-22T05:11:29.341Z  info: INFO ma'lumotlar
2023-06-22T05:12:31.349Z  info: LOG ma'lumotlar
2023-06-22T05:12:31.350Z  error: ERROR ma'lumotlar
2023-06-22T05:12:31.351Z  warn: WARN ma'lumotlar
2023-06-22T05:12:31.351Z  info: INFO ma'lumotlar
2023-06-22T05:20:07.927Z  info: LOG ma'lumotlar
2023-06-22T05:20:07.929Z  error: ERROR ma'lumotlar
2023-06-22T05:20:07.929Z  warn: WARN ma'lumotlar
2023-06-22T05:20:07.929Z  info: INFO ma'lumotlar
2023-06-22T05:32:58.443Z  info: LOG ma'lumotlar
2023-06-22T05:32:58.446Z  error: ERROR ma'lumotlar
2023-06-22T05:32:58.446Z  warn: WARN ma'lumotlar
2023-06-22T05:32:58.447Z  info: INFO ma'lumotlar
2023-06-22T06:11:55.928Z  [32minfo[39m: LOG ma'lumotlar
2023-06-22T06:11:55.929Z  [31merror[39m: ERROR ma'lumotlar
2023-06-22T06:11:55.929Z  [33mwarn[39m: WARN ma'lumotlar
2023-06-22T06:11:55.929Z  [32minfo[39m: INFO ma'lumotlar
2023-06-22T06:12:01.767Z  [32minfo[39m: LOG ma'lumotlar
2023-06-22T06:12:01.768Z  [31merror[39m: ERROR ma'lumotlar
2023-06-22T06:12:01.768Z  [33mwarn[39m: WARN ma'lumotlar
2023-06-22T06:12:01.768Z  [32minfo[39m: INFO ma'lumotlar
2023-06-22T06:12:08.680Z  info: LOG ma'lumotlar
2023-06-22T06:12:08.682Z  error: ERROR ma'lumotlar
2023-06-22T06:12:08.682Z  warn: WARN ma'lumotlar
2023-06-22T06:12:08.682Z  info: INFO ma'lumotlar
2023-06-22T06:14:15.938Z  info: LOG ma'lumotlar
2023-06-22T06:14:15.939Z  error: ERROR ma'lumotlar
2023-06-22T06:14:15.939Z  warn: WARN ma'lumotlar
2023-06-22T06:14:15.939Z  info: INFO ma'lumotlar
2023-06-22T06:15:54.515Z  info: LOG ma'lumotlar
2023-06-22T06:15:54.516Z  error: ERROR ma'lumotlar
2023-06-22T06:15:54.517Z  warn: WARN ma'lumotlar
2023-06-22T06:15:54.517Z  info: INFO ma'lumotlar
2023-06-22T06:19:00.382Z  info: LOG ma'lumotlar
2023-06-22T06:19:00.383Z  error: ERROR ma'lumotlar
2023-06-22T06:19:00.383Z  warn: WARN ma'lumotlar
2023-06-22T06:19:00.383Z  info: INFO ma'lumotlar
2023-06-22T06:19:31.397Z  info: LOG ma'lumotlar
2023-06-22T06:19:31.399Z  error: ERROR ma'lumotlar
2023-06-22T06:19:31.399Z  warn: WARN ma'lumotlar
2023-06-22T06:19:31.399Z  info: INFO ma'lumotlar
2023-06-22T06:20:06.233Z  info: LOG ma'lumotlar
2023-06-22T06:20:06.235Z  error: ERROR ma'lumotlar
2023-06-22T06:20:06.235Z  warn: WARN ma'lumotlar
2023-06-22T06:20:06.235Z  info: INFO ma'lumotlar
2023-06-22T06:20:18.492Z  info: LOG ma'lumotlar
2023-06-22T06:20:18.493Z  error: ERROR ma'lumotlar
2023-06-22T06:20:18.493Z  warn: WARN ma'lumotlar
2023-06-22T06:20:18.493Z  info: INFO ma'lumotlar
2023-06-22T06:35:07.186Z  info: LOG ma'lumotlar
2023-06-22T06:35:07.187Z  error: ERROR ma'lumotlar
2023-06-22T06:35:07.187Z  warn: WARN ma'lumotlar
2023-06-22T06:35:07.187Z  info: INFO ma'lumotlar
2023-06-22T06:35:34.001Z  info: LOG ma'lumotlar
2023-06-22T06:35:34.003Z  error: ERROR ma'lumotlar
2023-06-22T06:35:34.003Z  warn: WARN ma'lumotlar
2023-06-22T06:35:34.003Z  info: INFO ma'lumotlar
2023-06-22T06:37:34.526Z  info: LOG ma'lumotlar
2023-06-22T06:37:34.527Z  error: ERROR ma'lumotlar
2023-06-22T06:37:34.527Z  warn: WARN ma'lumotlar
2023-06-22T06:37:34.527Z  info: INFO ma'lumotlar
2023-06-22T06:39:27.581Z  info: LOG ma'lumotlar
2023-06-22T06:39:27.582Z  error: ERROR ma'lumotlar
2023-06-22T06:39:27.582Z  warn: WARN ma'lumotlar
2023-06-22T06:39:27.582Z  info: INFO ma'lumotlar
2023-06-22T06:39:41.789Z  info: LOG ma'lumotlar
2023-06-22T06:39:41.790Z  error: ERROR ma'lumotlar
2023-06-22T06:39:41.791Z  warn: WARN ma'lumotlar
2023-06-22T06:39:41.791Z  info: INFO ma'lumotlar
2023-06-22T06:40:47.675Z  info: LOG ma'lumotlar
2023-06-22T06:40:47.676Z  error: ERROR ma'lumotlar
2023-06-22T06:40:47.676Z  warn: WARN ma'lumotlar
2023-06-22T06:40:47.676Z  info: INFO ma'lumotlar
2023-06-22T06:41:17.295Z  info: LOG ma'lumotlar
2023-06-22T06:41:17.296Z  error: ERROR ma'lumotlar
2023-06-22T06:41:17.296Z  warn: WARN ma'lumotlar
2023-06-22T06:41:17.296Z  info: INFO ma'lumotlar
2023-06-22T06:47:15.676Z  info: LOG ma'lumotlar
2023-06-22T06:47:15.678Z  error: ERROR ma'lumotlar
2023-06-22T06:47:15.678Z  warn: WARN ma'lumotlar
2023-06-22T06:47:15.678Z  info: INFO ma'lumotlar
2023-06-22T06:48:29.691Z  info: LOG ma'lumotlar
2023-06-22T06:48:29.692Z  error: ERROR ma'lumotlar
2023-06-22T06:48:29.692Z  warn: WARN ma'lumotlar
2023-06-22T06:48:29.692Z  info: INFO ma'lumotlar
2023-06-22T06:50:30.267Z  info: LOG ma'lumotlar
2023-06-22T06:50:30.268Z  error: ERROR ma'lumotlar
2023-06-22T06:50:30.268Z  warn: WARN ma'lumotlar
2023-06-22T06:50:30.268Z  info: INFO ma'lumotlar
2023-06-22T06:52:07.775Z  info: LOG ma'lumotlar
2023-06-22T06:52:07.776Z  error: ERROR ma'lumotlar
2023-06-22T06:52:07.776Z  warn: WARN ma'lumotlar
2023-06-22T06:52:07.777Z  info: INFO ma'lumotlar
2023-06-22T06:52:17.606Z  info: LOG ma'lumotlar
2023-06-22T06:52:17.607Z  error: ERROR ma'lumotlar
2023-06-22T06:52:17.608Z  warn: WARN ma'lumotlar
2023-06-22T06:52:17.608Z  info: INFO ma'lumotlar
2023-06-22T06:56:40.065Z  info: LOG ma'lumotlar
2023-06-22T06:56:40.066Z  error: ERROR ma'lumotlar
2023-06-22T06:56:40.066Z  warn: WARN ma'lumotlar
2023-06-22T06:56:40.066Z  info: INFO ma'lumotlar
2023-06-22T07:03:29.700Z  info: LOG ma'lumotlar
2023-06-22T07:03:29.702Z  error: ERROR ma'lumotlar
2023-06-22T07:03:29.702Z  warn: WARN ma'lumotlar
2023-06-22T07:03:29.702Z  info: INFO ma'lumotlar
2023-06-22T07:07:01.032Z  info: LOG ma'lumotlar
2023-06-22T07:07:01.033Z  error: ERROR ma'lumotlar
2023-06-22T07:07:01.034Z  warn: WARN ma'lumotlar
2023-06-22T07:07:01.034Z  info: INFO ma'lumotlar
2023-06-22T07:07:03.737Z  info: LOG ma'lumotlar
2023-06-22T07:07:03.739Z  error: ERROR ma'lumotlar
2023-06-22T07:07:03.739Z  warn: WARN ma'lumotlar
2023-06-22T07:07:03.739Z  info: INFO ma'lumotlar
2023-06-22T07:07:04.861Z  info: LOG ma'lumotlar
2023-06-22T07:07:04.862Z  error: ERROR ma'lumotlar
2023-06-22T07:07:04.862Z  warn: WARN ma'lumotlar
2023-06-22T07:07:04.862Z  info: INFO ma'lumotlar
2023-06-22T07:08:26.907Z  info: LOG ma'lumotlar
2023-06-22T07:08:26.908Z  error: ERROR ma'lumotlar
2023-06-22T07:08:26.908Z  warn: WARN ma'lumotlar
2023-06-22T07:08:26.908Z  info: INFO ma'lumotlar
2023-06-22T07:08:55.568Z  info: LOG ma'lumotlar
2023-06-22T07:08:55.570Z  error: ERROR ma'lumotlar
2023-06-22T07:08:55.570Z  warn: WARN ma'lumotlar
2023-06-22T07:08:55.570Z  info: INFO ma'lumotlar
